<?xml version="1.0" encoding="UTF-8"?>
<testsuite xmlns:xsi="http://www.w3.org/2001/XMLSchema-instance" xsi:noNamespaceSchemaLocation="https://maven.apache.org/surefire/maven-surefire-plugin/xsd/surefire-test-report-3.0.xsd" version="3.0" name="com.example.FileHandlerTest" time="0.068" tests="4" errors="0" skipped="0" failures="0">
  <properties>
[...]
</properties>
  <testcase name="testCreateTrackFromPath" classname="com.example.FileHandlerTest" time="0.015"/>
  <testcase name="testReadDir" classname="com.example.FileHandlerTest" time="0.018"/>
  <testcase name="testSearchTracks" classname="com.example.FileHandlerTest" time="0.012"/>
  <testcase name="testWriteAndReadSerialization" classname="com.example.FileHandlerTest" time="0.015">
    <system-out><![CDATA[Written out
]]></system-out>
  </testcase>
</testsuite>